<?xml version="1.0" encoding="UTF-8"?>
<!-- Generated by org.testng.reporters.JUnitXMLReporter -->
<testsuite ignored="0" hostname="LAPTOP-J5LK1J5I" failures="0" tests="6" name="Surefire test" time="0.053" errors="0" timestamp="2020-12-15T01:25:10 IST">
  <testcase classname="qaclickacademy.AppiumTest" name="iosAPP on iosAPP(qaclickacademy.AppiumTest)" time="0.01"/>
  <testcase classname="qaclickacademy.AppiumTest" name="NativeAndriodApp on NativeAndriodApp(qaclickacademy.AppiumTest)" time="0.009"/>
  <testcase classname="qaclickacademy.RESTAPITest" name="deleteTwitter on deleteTwitter(qaclickacademy.RESTAPITest)" time="0.0"/>
  <testcase classname="qaclickacademy.RESTAPITest" name="PostJira on PostJira(qaclickacademy.RESTAPITest)" time="0.0"/>
  <testcase classname="qaclickacademy.SeleniumTest" name="elementsUI on elementsUI(qaclickacademy.SeleniumTest)" time="0.0"/>
  <testcase classname="qaclickacademy.SeleniumTest" name="BrowserAutomation on BrowserAutomation(qaclickacademy.SeleniumTest)" time="0.001"/>
</testsuite> <!-- Surefire test -->
